<?xml version="1.0" encoding="UTF-8"?>
<!-- Generated by org.testng.reporters.JUnitReportReporter -->
<testsuite name="com.virginmoney.OneYrFixedRateCashEISATest" tests="5" time="50.825" ignored="0" failures="0" timestamp="30 Sep 2018 23:39:16 GMT" skipped="0" hostname="Latitude" errors="0">
  <testcase name="canValidateDoubleTakeEISALink" time="10.549" classname="com.virginmoney.OneYrFixedRateCashEISATest"/>
  <testcase name="canValidateShortIntro" time="9.118" classname="com.virginmoney.OneYrFixedRateCashEISATest"/>
  <testcase name="canGoTo1YrFRCEISAPage" time="11.386" classname="com.virginmoney.OneYrFixedRateCashEISATest"/>
  <testcase name="canValidateRateCard" time="8.980" classname="com.virginmoney.OneYrFixedRateCashEISATest"/>
  <testcase name="canValidateIsaTransferLink" time="10.792" classname="com.virginmoney.OneYrFixedRateCashEISATest"/>
</testsuite> <!-- com.virginmoney.OneYrFixedRateCashEISATest -->
