<?xml version="1.0" encoding="UTF-8"?>
<!-- Generated by org.testng.reporters.JUnitReportReporter -->
<testsuite name="com.virginmoney.ManUtdDoubleTakeESaverTest" tests="1" time="9.666" ignored="0" failures="0" timestamp="30 Sep 2018 23:06:22 GMT" skipped="0" hostname="Latitude" errors="0">
  <testcase name="canGoToManUtdDoubleTakeESaverPage" time="9.666" classname="com.virginmoney.ManUtdDoubleTakeESaverTest"/>
</testsuite> <!-- com.virginmoney.ManUtdDoubleTakeESaverTest -->
