<?xml version="1.0" encoding="UTF-8"?>
<!-- Generated by org.testng.reporters.JUnitReportReporter -->
<testsuite name="com.virginmoney.DoubleTakeESaverTest" tests="1" time="9.180" ignored="0" failures="0" timestamp="30 Sep 2018 23:06:22 GMT" skipped="0" hostname="Latitude" errors="0">
  <testcase name="canGoToDoubleTakeESaverPage" time="9.180" classname="com.virginmoney.DoubleTakeESaverTest"/>
</testsuite> <!-- com.virginmoney.DoubleTakeESaverTest -->
