<?xml version="1.0" encoding="UTF-8"?>
<!-- Generated by org.testng.reporters.JUnitReportReporter -->
<testsuite name="com.virginmoney.UnitTest" tests="4" time="33.484" ignored="0" failures="0" timestamp="27 Sep 2018 21:00:04 GMT" skipped="0" hostname="Latitude" errors="0">
  <testcase name="canGoTo5YrFRCEISAPage" time="7.429" classname="com.virginmoney.UnitTest"/>
  <testcase name="canGoTo1YrFRCEISAPage" time="8.186" classname="com.virginmoney.UnitTest"/>
  <testcase name="canGoToFasPage" time="8.070" classname="com.virginmoney.UnitTest"/>
  <testcase name="canGoTo2YrFRCEISAPage" time="9.799" classname="com.virginmoney.UnitTest"/>
</testsuite> <!-- com.virginmoney.UnitTest -->
