<?xml version="1.0" encoding="UTF-8"?>
<!-- Generated by org.testng.reporters.JUnitReportReporter -->
<testsuite name="com.virginmoney.TwoYrFixedRateCashEISATest2" tests="1" time="9.732" ignored="0" failures="0" timestamp="30 Sep 2018 23:06:22 GMT" skipped="0" hostname="Latitude" errors="0">
  <testcase name="canGoTo2YrFRCEISAPage" time="9.732" classname="com.virginmoney.TwoYrFixedRateCashEISATest2"/>
</testsuite> <!-- com.virginmoney.TwoYrFixedRateCashEISATest2 -->
