<?xml version="1.0" encoding="UTF-8"?>
<!-- Generated by org.testng.reporters.JUnitReportReporter -->
<testsuite name="com.virginmoney.RegressionTest" tests="8" time="66.475" ignored="0" failures="0" timestamp="27 Sep 2018 21:56:26 GMT" skipped="0" hostname="Latitude" errors="0">
  <testcase name="canGoToManUtdDoubleTakeEISAPage" time="6.874" classname="com.virginmoney.RegressionTest"/>
  <testcase name="canGoTo5YrFRCEISAPage" time="7.035" classname="com.virginmoney.RegressionTest"/>
  <testcase name="canGoToDoubleTakeEISAPage" time="7.050" classname="com.virginmoney.RegressionTest"/>
  <testcase name="canGoToHelpToBuyPage" time="11.685" classname="com.virginmoney.RegressionTest"/>
  <testcase name="canGoTo1YrFRCEISAPage" time="10.593" classname="com.virginmoney.RegressionTest"/>
  <testcase name="canGoTo2YrFRCEISAPage" time="7.799" classname="com.virginmoney.RegressionTest"/>
  <testcase name="canGoToFasPage" time="7.982" classname="com.virginmoney.RegressionTest"/>
  <testcase name="canGoToSavingsToBuyPage" time="7.457" classname="com.virginmoney.RegressionTest"/>
</testsuite> <!-- com.virginmoney.RegressionTest -->
