<?xml version="1.0" encoding="UTF-8"?>
<!-- Generated by org.testng.reporters.JUnitReportReporter -->
<testsuite name="com.pluralsight.UnitTest" tests="4" time="33.776" ignored="0" failures="0" timestamp="27 Sep 2018 20:41:30 GMT" skipped="0" hostname="Latitude" errors="0">
  <testcase name="canGoTo5YrFRCEISAPage" time="7.656" classname="com.pluralsight.UnitTest"/>
  <testcase name="canGoTo1YrFRCEISAPage" time="10.189" classname="com.pluralsight.UnitTest"/>
  <testcase name="canGoToFasPage" time="7.799" classname="com.pluralsight.UnitTest"/>
  <testcase name="canGoTo2YrFRCEISAPage" time="8.132" classname="com.pluralsight.UnitTest"/>
</testsuite> <!-- com.pluralsight.UnitTest -->
