<?xml version="1.0" encoding="UTF-8"?>
<!-- Generated by org.testng.reporters.JUnitReportReporter -->
<testsuite name="com.virginmoney.OneYrFixTest" tests="1" time="9.434" ignored="0" failures="0" timestamp="29 Sep 2018 18:46:47 GMT" skipped="0" hostname="Latitude" errors="0">
  <testcase name="canGoTo1YrFRCEISAPage" time="9.434" classname="com.virginmoney.OneYrFixTest"/>
</testsuite> <!-- com.virginmoney.OneYrFixTest -->
