<?xml version="1.0" encoding="UTF-8"?>
<!-- Generated by org.testng.reporters.JUnitReportReporter -->
<testsuite hostname="Latitude" name="com.NotePadTest" tests="1" failures="0" timestamp="2 Oct 2018 23:42:40 GMT" time="1.600" errors="0">
  <testcase name="testNotePad" time="1.600" classname="com.NotePadTest"/>
</testsuite> <!-- com.NotePadTest -->
