<?xml version="1.0" encoding="UTF-8"?>
<!-- Generated by org.testng.reporters.JUnitReportReporter -->
<testsuite hostname="Latitude" name="com.NotePadTest" tests="1" failures="0" timestamp="3 Oct 2018 09:58:32 GMT" time="2.552" errors="0">
  <testcase name="testNotePad" time="2.552" classname="com.NotePadTest"/>
</testsuite> <!-- com.NotePadTest -->
