<?xml version="1.0" encoding="UTF-8"?>
<!-- Generated by org.testng.reporters.JUnitReportReporter -->
<testsuite hostname="Latitude" name="com.NotePadTest" tests="1" failures="0" timestamp="23 Oct 2018 21:35:59 GMT" time="2.593" errors="0">
  <testcase name="testNotePad" time="2.593" classname="com.NotePadTest"/>
</testsuite> <!-- com.NotePadTest -->
