<?xml version="1.0" encoding="UTF-8"?>
<!-- Generated by org.testng.reporters.JUnitReportReporter -->
<testsuite name="com.virginmoney.FiveYrFixedRateCashEISATest" tests="1" time="9.791" ignored="0" failures="0" timestamp="20 Oct 2018 17:48:01 GMT" skipped="0" hostname="Latitude" errors="0">
  <testcase name="canGoTo5YrFRCEISAPage" time="9.791" classname="com.virginmoney.FiveYrFixedRateCashEISATest"/>
</testsuite> <!-- com.virginmoney.FiveYrFixedRateCashEISATest -->
