<?xml version="1.0" encoding="UTF-8"?>
<!-- Generated by org.testng.reporters.JUnitReportReporter -->
<testsuite name="com.virginmoney.OneYrFixedRateCashEISATest" tests="15" time="194.853" ignored="0" failures="0" timestamp="24 Oct 2018 22:32:45 GMT" skipped="0" hostname="Latitude" errors="0">
  <testcase name="canValidateFSCSImage" time="8.740" classname="com.virginmoney.OneYrFixedRateCashEISATest"/>
  <testcase name="canValidateRateCard" time="8.168" classname="com.virginmoney.OneYrFixedRateCashEISATest"/>
  <testcase name="canGoTo1YrFRCEISAPage" time="11.159" classname="com.virginmoney.OneYrFixedRateCashEISATest"/>
  <testcase name="canValidateHelp_GuideImage" time="8.598" classname="com.virginmoney.OneYrFixedRateCashEISATest"/>
  <testcase name="canValidateReadSummaryBoxLink" time="20.840" classname="com.virginmoney.OneYrFixedRateCashEISATest"/>
  <testcase name="canValidateProductName" time="8.289" classname="com.virginmoney.OneYrFixedRateCashEISATest"/>
  <testcase name="canValidateSummaryBoxPdf" time="12.070" classname="com.virginmoney.OneYrFixedRateCashEISATest"/>
  <testcase name="canValidateTCPdf" time="11.362" classname="com.virginmoney.OneYrFixedRateCashEISATest"/>
  <testcase name="canValidateSignInAndApply" time="12.801" classname="com.virginmoney.OneYrFixedRateCashEISATest"/>
  <testcase name="canValidateContent" time="36.147" classname="com.virginmoney.OneYrFixedRateCashEISATest"/>
  <testcase name="canValidateShortIntro" time="7.948" classname="com.virginmoney.OneYrFixedRateCashEISATest"/>
  <testcase name="canValidateFscsPdf" time="12.285" classname="com.virginmoney.OneYrFixedRateCashEISATest"/>
  <testcase name="canValidatePdf" time="11.812" classname="com.virginmoney.OneYrFixedRateCashEISATest"/>
  <testcase name="canValidateApplyButton" time="9.139" classname="com.virginmoney.OneYrFixedRateCashEISATest"/>
  <testcase name="canValidateApplyNow" time="15.495" classname="com.virginmoney.OneYrFixedRateCashEISATest"/>
</testsuite> <!-- com.virginmoney.OneYrFixedRateCashEISATest -->
