<?xml version="1.0" encoding="UTF-8"?>
<!-- Generated by org.testng.reporters.JUnitReportReporter -->
<testsuite name="com.virginmoney.OneYrFixedRateCashEISATest" tests="8" time="117.778" ignored="0" failures="0" timestamp="21 Oct 2018 18:50:24 GMT" skipped="0" hostname="Latitude" errors="0">
  <testcase name="canValidateContent" time="31.333" classname="com.virginmoney.OneYrFixedRateCashEISATest"/>
  <testcase name="canValidateFscsPdf" time="12.531" classname="com.virginmoney.OneYrFixedRateCashEISATest"/>
  <testcase name="canGoTo1YrFRCEISAPage" time="14.261" classname="com.virginmoney.OneYrFixedRateCashEISATest"/>
  <testcase name="canValidateRateCard" time="11.546" classname="com.virginmoney.OneYrFixedRateCashEISATest"/>
  <testcase name="canValidatePdf" time="14.315" classname="com.virginmoney.OneYrFixedRateCashEISATest"/>
  <testcase name="canValidateShortIntro" time="12.395" classname="com.virginmoney.OneYrFixedRateCashEISATest"/>
  <testcase name="canValidateTCPdf" time="11.821" classname="com.virginmoney.OneYrFixedRateCashEISATest"/>
  <testcase name="canValidateApplyButton" time="9.576" classname="com.virginmoney.OneYrFixedRateCashEISATest"/>
</testsuite> <!-- com.virginmoney.OneYrFixedRateCashEISATest -->
