<?xml version="1.0" encoding="UTF-8"?>
<!-- Generated by org.testng.reporters.JUnitReportReporter -->
<testsuite name="com.virginmoney.OneYrFixedRateEBondTest" tests="1" time="8.133" ignored="0" failures="0" timestamp="04 Oct 2018 23:28:21 GMT" skipped="0" hostname="Latitude" errors="0">
  <testcase name="canGoToOneYrFixedRateEBondPage" time="8.133" classname="com.virginmoney.OneYrFixedRateEBondTest"/>
</testsuite> <!-- com.virginmoney.OneYrFixedRateEBondTest -->
