<?xml version="1.0" encoding="UTF-8"?>
<!-- Generated by org.testng.reporters.JUnitReportReporter -->
<testsuite name="com.virginmoney.SmokeTest" tests="1" time="8.407" ignored="0" failures="0" timestamp="02 Oct 2018 15:19:11 GMT" skipped="0" hostname="Latitude" errors="0">
  <testcase name="canGoToFasPage" time="8.407" classname="com.virginmoney.SmokeTest"/>
</testsuite> <!-- com.virginmoney.SmokeTest -->
