<?xml version="1.0" encoding="UTF-8"?>
<!-- Generated by org.testng.reporters.JUnitReportReporter -->
<testsuite name="com.virginmoney.DoubleTakeEISATest" tests="1" time="8.789" ignored="0" failures="0" timestamp="02 Oct 2018 15:19:11 GMT" skipped="0" hostname="Latitude" errors="0">
  <testcase name="canGoToDoubleTakeEISAPage" time="8.789" classname="com.virginmoney.DoubleTakeEISATest"/>
</testsuite> <!-- com.virginmoney.DoubleTakeEISATest -->
