<?xml version="1.0" encoding="UTF-8"?>
<!-- Generated by org.testng.reporters.JUnitReportReporter -->
<testsuite name="com.virginmoney.TwoYrFixedRateCashEISATest" tests="6" time="86.465" ignored="0" failures="0" timestamp="21 Oct 2018 17:51:54 GMT" skipped="0" hostname="Latitude" errors="0">
  <testcase name="canValidateApplyButton" time="12.227" classname="com.virginmoney.TwoYrFixedRateCashEISATest"/>
  <testcase name="canGoTo2YrFRCEISAPage" time="9.393" classname="com.virginmoney.TwoYrFixedRateCashEISATest"/>
  <testcase name="canValidateRateCard" time="7.834" classname="com.virginmoney.TwoYrFixedRateCashEISATest"/>
  <testcase name="canValidatePdf" time="10.934" classname="com.virginmoney.TwoYrFixedRateCashEISATest"/>
  <testcase name="canValidateContent" time="30.041" classname="com.virginmoney.TwoYrFixedRateCashEISATest"/>
  <testcase name="canValidateShortIntro" time="16.036" classname="com.virginmoney.TwoYrFixedRateCashEISATest"/>
</testsuite> <!-- com.virginmoney.TwoYrFixedRateCashEISATest -->
