<?xml version="1.0" encoding="UTF-8"?>
<!-- Generated by org.testng.reporters.JUnitReportReporter -->
<testsuite ignored="0" hostname="Ashwajits-MacBook-Pro.local" failures="0" tests="16" name="com.virginmoney.OneYrFixedRateCashEISATest" time="115.752" errors="0" timestamp="27 Feb 2019 22:55:00 GMT" skipped="0">
  <testcase classname="com.virginmoney.OneYrFixedRateCashEISATest" name="canValidateContent" time="23.899"/>
  <testcase classname="com.virginmoney.OneYrFixedRateCashEISATest" name="canValidateRateCard" time="3.957"/>
  <testcase classname="com.virginmoney.OneYrFixedRateCashEISATest" name="canValidateShortIntro" time="3.342"/>
  <testcase classname="com.virginmoney.OneYrFixedRateCashEISATest" name="canValidateFscsPdf" time="5.951"/>
  <testcase classname="com.virginmoney.OneYrFixedRateCashEISATest" name="canValidateSignInAndApply" time="7.763"/>
  <testcase classname="com.virginmoney.OneYrFixedRateCashEISATest" name="canValidateProductName" time="3.740"/>
  <testcase classname="com.virginmoney.OneYrFixedRateCashEISATest" name="canValidatePdf" time="6.551"/>
  <testcase classname="com.virginmoney.OneYrFixedRateCashEISATest" name="canValidateApplyButton" time="7.703"/>
  <testcase classname="com.virginmoney.OneYrFixedRateCashEISATest" name="canValidateFSCSImage" time="3.138"/>
  <testcase classname="com.virginmoney.OneYrFixedRateCashEISATest" name="canValidateReadSummaryBoxLink" time="13.869"/>
  <testcase classname="com.virginmoney.OneYrFixedRateCashEISATest" name="canValidateApplyNow" time="8.348"/>
  <testcase classname="com.virginmoney.OneYrFixedRateCashEISATest" name="canValidateHelp_GuideImage" time="3.191"/>
  <testcase classname="com.virginmoney.OneYrFixedRateCashEISATest" name="canValidatePrintSummaryBox" time="8.626"/>
  <testcase classname="com.virginmoney.OneYrFixedRateCashEISATest" name="canValidateTCPdf" time="5.905"/>
  <testcase classname="com.virginmoney.OneYrFixedRateCashEISATest" name="canGoTo1YrFRCEISAPage" time="3.607"/>
  <testcase classname="com.virginmoney.OneYrFixedRateCashEISATest" name="canValidateSummaryBoxPdf" time="6.162"/>
</testsuite> <!-- com.virginmoney.OneYrFixedRateCashEISATest -->
