<?xml version="1.0" encoding="UTF-8"?>
<!-- Generated by org.testng.reporters.JUnitReportReporter -->
<testsuite name="com.virginmoney.FasTest" tests="1" time="9.653" ignored="0" failures="0" timestamp="04 Oct 2018 23:28:21 GMT" skipped="0" hostname="Latitude" errors="0">
  <testcase name="canGoToFasPage" time="9.653" classname="com.virginmoney.FasTest"/>
</testsuite> <!-- com.virginmoney.FasTest -->
