<?xml version="1.0" encoding="UTF-8"?>
<!-- Generated by org.testng.reporters.JUnitReportReporter -->
<testsuite name="com.virginmoney.VirginAtlanticTest" tests="1" time="11.619" ignored="0" failures="0" timestamp="21 Oct 2018 16:43:19 GMT" skipped="0" hostname="Latitude" errors="0">
  <testcase name="canGoToVirginAtlanticPage" time="11.619" classname="com.virginmoney.VirginAtlanticTest"/>
</testsuite> <!-- com.virginmoney.VirginAtlanticTest -->
