<?xml version="1.0" encoding="UTF-8"?>
<!-- Generated by org.testng.reporters.JUnitReportReporter -->
<testsuite name="com.virginmoney.OneYrFixedRateCashEISATest" tests="5" time="52.624" ignored="0" failures="0" timestamp="22 Oct 2018 22:32:03 GMT" skipped="0" hostname="Latitude" errors="0">
  <testcase name="canGoTo1YrFRCEISAPage" time="14.843" classname="com.virginmoney.OneYrFixedRateCashEISATest"/>
  <testcase name="canValidateShortIntro" time="10.320" classname="com.virginmoney.OneYrFixedRateCashEISATest"/>
  <testcase name="canValidateFSCSImage" time="9.322" classname="com.virginmoney.OneYrFixedRateCashEISATest"/>
  <testcase name="canValidateHelp_GuideImage" time="8.703" classname="com.virginmoney.OneYrFixedRateCashEISATest"/>
  <testcase name="canValidateProductName" time="9.436" classname="com.virginmoney.OneYrFixedRateCashEISATest"/>
</testsuite> <!-- com.virginmoney.OneYrFixedRateCashEISATest -->
