<?xml version="1.0" encoding="UTF-8"?>
<!-- Generated by org.testng.reporters.JUnitReportReporter -->
<testsuite name="com.virginmoney.TwoYrFixedRateCashEISATest2" tests="1" time="8.224" ignored="0" failures="0" timestamp="04 Oct 2018 23:28:21 GMT" skipped="0" hostname="Latitude" errors="0">
  <testcase name="canGoTo2YrFRCEISAPage" time="8.224" classname="com.virginmoney.TwoYrFixedRateCashEISATest2"/>
</testsuite> <!-- com.virginmoney.TwoYrFixedRateCashEISATest2 -->
