<?xml version="1.0" encoding="UTF-8"?>
<!-- Generated by org.testng.reporters.JUnitReportReporter -->
<testsuite name="com.virginmoney.OneYrFixedRateCashEISATest" tests="6" time="81.978" ignored="0" failures="0" timestamp="21 Oct 2018 17:22:37 GMT" skipped="0" hostname="Latitude" errors="0">
  <testcase name="canValidateContent" time="26.807" classname="com.virginmoney.OneYrFixedRateCashEISATest"/>
  <testcase name="canValidateRateCard" time="11.232" classname="com.virginmoney.OneYrFixedRateCashEISATest"/>
  <testcase name="canGoTo1YrFRCEISAPage" time="11.512" classname="com.virginmoney.OneYrFixedRateCashEISATest"/>
  <testcase name="canValidateShortIntro" time="8.418" classname="com.virginmoney.OneYrFixedRateCashEISATest"/>
  <testcase name="canValidateApplyButton" time="12.966" classname="com.virginmoney.OneYrFixedRateCashEISATest"/>
  <testcase name="canValidatePdf" time="11.043" classname="com.virginmoney.OneYrFixedRateCashEISATest"/>
</testsuite> <!-- com.virginmoney.OneYrFixedRateCashEISATest -->
