<?xml version="1.0" encoding="UTF-8"?>
<!-- Generated by org.testng.reporters.JUnitReportReporter -->
<testsuite ignored="0" hostname="Ashwajits-MacBook-Pro.local" failures="0" tests="6" name="com.virginmoney.TwoYrFixedRateCashEISATest" time="52.502" errors="0" timestamp="27 Feb 2019 22:58:37 GMT" skipped="0">
  <testcase classname="com.virginmoney.TwoYrFixedRateCashEISATest" name="canValidateRateCard" time="4.452"/>
  <testcase classname="com.virginmoney.TwoYrFixedRateCashEISATest" name="canValidateContent" time="26.183"/>
  <testcase classname="com.virginmoney.TwoYrFixedRateCashEISATest" name="canValidatePdf" time="7.279"/>
  <testcase classname="com.virginmoney.TwoYrFixedRateCashEISATest" name="canValidateApplyButton" time="6.446"/>
  <testcase classname="com.virginmoney.TwoYrFixedRateCashEISATest" name="canValidateShortIntro" time="4.317"/>
  <testcase classname="com.virginmoney.TwoYrFixedRateCashEISATest" name="canGoTo2YrFRCEISAPage" time="3.825"/>
</testsuite> <!-- com.virginmoney.TwoYrFixedRateCashEISATest -->
