<?xml version="1.0" encoding="UTF-8"?>
<!-- Generated by org.testng.reporters.JUnitReportReporter -->
<testsuite name="com.virginmoney.OneYrFixedRateCashEISATest" tests="1" time="60.805" ignored="15" failures="0" timestamp="14 Jun 2019 13:47:56 GMT" skipped="0" hostname="Ashwajit" errors="0">
  <testcase name="canValidateContent" time="60.805" classname="com.virginmoney.OneYrFixedRateCashEISATest"/>
  <testcase name="canValidatePrintSummaryBox" classname="com.virginmoney.OneYrFixedRateCashEISATest">
    <skipped/>
  </testcase> <!-- canValidatePrintSummaryBox -->
  <testcase name="canValidateFSCSImage" classname="com.virginmoney.OneYrFixedRateCashEISATest">
    <skipped/>
  </testcase> <!-- canValidateFSCSImage -->
  <testcase name="canValidatePdf" classname="com.virginmoney.OneYrFixedRateCashEISATest">
    <skipped/>
  </testcase> <!-- canValidatePdf -->
  <testcase name="canValidateHelp_GuideImage" classname="com.virginmoney.OneYrFixedRateCashEISATest">
    <skipped/>
  </testcase> <!-- canValidateHelp_GuideImage -->
  <testcase name="canValidateReadSummaryBoxLink" classname="com.virginmoney.OneYrFixedRateCashEISATest">
    <skipped/>
  </testcase> <!-- canValidateReadSummaryBoxLink -->
  <testcase name="canValidateSummaryBoxPdf" classname="com.virginmoney.OneYrFixedRateCashEISATest">
    <skipped/>
  </testcase> <!-- canValidateSummaryBoxPdf -->
  <testcase name="canValidateSignInAndApply" classname="com.virginmoney.OneYrFixedRateCashEISATest">
    <skipped/>
  </testcase> <!-- canValidateSignInAndApply -->
  <testcase name="canValidateTCPdf" classname="com.virginmoney.OneYrFixedRateCashEISATest">
    <skipped/>
  </testcase> <!-- canValidateTCPdf -->
  <testcase name="canValidateShortIntro" classname="com.virginmoney.OneYrFixedRateCashEISATest">
    <skipped/>
  </testcase> <!-- canValidateShortIntro -->
  <testcase name="canValidateFscsPdf" classname="com.virginmoney.OneYrFixedRateCashEISATest">
    <skipped/>
  </testcase> <!-- canValidateFscsPdf -->
  <testcase name="canValidateApplyButton" classname="com.virginmoney.OneYrFixedRateCashEISATest">
    <skipped/>
  </testcase> <!-- canValidateApplyButton -->
  <testcase name="canValidateRateCard" classname="com.virginmoney.OneYrFixedRateCashEISATest">
    <skipped/>
  </testcase> <!-- canValidateRateCard -->
  <testcase name="canValidateProductName" classname="com.virginmoney.OneYrFixedRateCashEISATest">
    <skipped/>
  </testcase> <!-- canValidateProductName -->
  <testcase name="canGoTo1YrFRCEISAPage" classname="com.virginmoney.OneYrFixedRateCashEISATest">
    <skipped/>
  </testcase> <!-- canGoTo1YrFRCEISAPage -->
  <testcase name="canValidateApplyNow" classname="com.virginmoney.OneYrFixedRateCashEISATest">
    <skipped/>
  </testcase> <!-- canValidateApplyNow -->
</testsuite> <!-- com.virginmoney.OneYrFixedRateCashEISATest -->
