<?xml version="1.0" encoding="UTF-8"?>
<!-- Generated by org.testng.reporters.JUnitReportReporter -->
<testsuite name="com.virginmoney.OneYrFixedRateCashEISATest" tests="6" time="59.626" ignored="0" failures="0" timestamp="07 Oct 2018 22:12:40 GMT" skipped="0" hostname="Latitude" errors="0">
  <testcase name="canValidateIsaTransferLink" time="11.112" classname="com.virginmoney.OneYrFixedRateCashEISATest"/>
  <testcase name="canValidateRateCard" time="9.450" classname="com.virginmoney.OneYrFixedRateCashEISATest"/>
  <testcase name="canValidateShortIntro" time="8.277" classname="com.virginmoney.OneYrFixedRateCashEISATest"/>
  <testcase name="canValidateDoubleTakeEISALink" time="10.674" classname="com.virginmoney.OneYrFixedRateCashEISATest"/>
  <testcase name="canValidatePdf" time="11.277" classname="com.virginmoney.OneYrFixedRateCashEISATest"/>
  <testcase name="canGoTo1YrFRCEISAPage" time="8.836" classname="com.virginmoney.OneYrFixedRateCashEISATest"/>
</testsuite> <!-- com.virginmoney.OneYrFixedRateCashEISATest -->
