<?xml version="1.0" encoding="UTF-8"?>
<!-- Generated by org.testng.reporters.JUnitReportReporter -->
<testsuite name="com.virginmoney.OneYrFixedRateCashEISATest" tests="5" time="56.148" ignored="0" failures="0" timestamp="02 Oct 2018 15:19:11 GMT" skipped="0" hostname="Latitude" errors="0">
  <testcase name="canValidateShortIntro" time="10.043" classname="com.virginmoney.OneYrFixedRateCashEISATest"/>
  <testcase name="canGoTo1YrFRCEISAPage" time="8.520" classname="com.virginmoney.OneYrFixedRateCashEISATest"/>
  <testcase name="canValidateIsaTransferLink" time="10.218" classname="com.virginmoney.OneYrFixedRateCashEISATest"/>
  <testcase name="canValidateRateCard" time="9.006" classname="com.virginmoney.OneYrFixedRateCashEISATest"/>
  <testcase name="canValidateDoubleTakeEISALink" time="18.361" classname="com.virginmoney.OneYrFixedRateCashEISATest"/>
</testsuite> <!-- com.virginmoney.OneYrFixedRateCashEISATest -->
