<?xml version="1.0" encoding="UTF-8"?>
<!-- Generated by org.testng.reporters.JUnitReportReporter -->
<testsuite name="com.virginmoney.OneYrFixedRateCashEISATest" tests="16" time="201.640" ignored="0" failures="0" timestamp="25 Oct 2018 23:10:19 GMT" skipped="0" hostname="Latitude" errors="0">
  <testcase name="canGoTo1YrFRCEISAPage" time="8.941" classname="com.virginmoney.OneYrFixedRateCashEISATest"/>
  <testcase name="canValidateSignInAndApply" time="13.345" classname="com.virginmoney.OneYrFixedRateCashEISATest"/>
  <testcase name="canValidateApplyButton" time="9.853" classname="com.virginmoney.OneYrFixedRateCashEISATest"/>
  <testcase name="canValidateSummaryBoxPdf" time="12.717" classname="com.virginmoney.OneYrFixedRateCashEISATest"/>
  <testcase name="canValidateHelp_GuideImage" time="7.868" classname="com.virginmoney.OneYrFixedRateCashEISATest"/>
  <testcase name="canValidatePdf" time="13.767" classname="com.virginmoney.OneYrFixedRateCashEISATest"/>
  <testcase name="canValidateProductName" time="8.205" classname="com.virginmoney.OneYrFixedRateCashEISATest"/>
  <testcase name="canValidateFSCSImage" time="9.022" classname="com.virginmoney.OneYrFixedRateCashEISATest"/>
  <testcase name="canValidateReadSummaryBoxLink" time="19.248" classname="com.virginmoney.OneYrFixedRateCashEISATest"/>
  <testcase name="canValidateFscsPdf" time="12.473" classname="com.virginmoney.OneYrFixedRateCashEISATest"/>
  <testcase name="canValidateContent" time="29.564" classname="com.virginmoney.OneYrFixedRateCashEISATest"/>
  <testcase name="canValidateRateCard" time="8.231" classname="com.virginmoney.OneYrFixedRateCashEISATest"/>
  <testcase name="canValidateShortIntro" time="7.857" classname="com.virginmoney.OneYrFixedRateCashEISATest"/>
  <testcase name="canValidateApplyNow" time="13.114" classname="com.virginmoney.OneYrFixedRateCashEISATest"/>
  <testcase name="canValidatePrintSummaryBox" time="14.070" classname="com.virginmoney.OneYrFixedRateCashEISATest"/>
  <testcase name="canValidateTCPdf" time="13.365" classname="com.virginmoney.OneYrFixedRateCashEISATest"/>
</testsuite> <!-- com.virginmoney.OneYrFixedRateCashEISATest -->
