<?xml version="1.0" encoding="UTF-8"?>
<!-- Generated by org.testng.reporters.JUnitReportReporter -->
<testsuite name="com.virginmoney.TwoYrFixedRateCashEISATest" tests="1" time="35.696" ignored="5" failures="0" timestamp="14 Jun 2019 13:56:40 GMT" skipped="0" hostname="Ashwajit" errors="0">
  <testcase name="canValidateContent" time="35.696" classname="com.virginmoney.TwoYrFixedRateCashEISATest"/>
  <testcase name="canValidatePdf" classname="com.virginmoney.TwoYrFixedRateCashEISATest">
    <skipped/>
  </testcase> <!-- canValidatePdf -->
  <testcase name="canGoTo2YrFRCEISAPage" classname="com.virginmoney.TwoYrFixedRateCashEISATest">
    <skipped/>
  </testcase> <!-- canGoTo2YrFRCEISAPage -->
  <testcase name="canValidateRateCard" classname="com.virginmoney.TwoYrFixedRateCashEISATest">
    <skipped/>
  </testcase> <!-- canValidateRateCard -->
  <testcase name="canValidateApplyButton" classname="com.virginmoney.TwoYrFixedRateCashEISATest">
    <skipped/>
  </testcase> <!-- canValidateApplyButton -->
  <testcase name="canValidateShortIntro" classname="com.virginmoney.TwoYrFixedRateCashEISATest">
    <skipped/>
  </testcase> <!-- canValidateShortIntro -->
</testsuite> <!-- com.virginmoney.TwoYrFixedRateCashEISATest -->
