<?xml version="1.0" encoding="UTF-8"?>
<!-- Generated by org.testng.reporters.JUnitReportReporter -->
<testsuite name="com.virginmoney.TwoYrFixedRateCashEISATest" tests="6" time="98.798" ignored="0" failures="0" timestamp="21 Oct 2018 17:29:30 GMT" skipped="0" hostname="Latitude" errors="0">
  <testcase name="canValidateContent" time="27.871" classname="com.virginmoney.TwoYrFixedRateCashEISATest"/>
  <testcase name="canGoTo2YrFRCEISAPage" time="14.911" classname="com.virginmoney.TwoYrFixedRateCashEISATest"/>
  <testcase name="canValidateRateCard" time="11.875" classname="com.virginmoney.TwoYrFixedRateCashEISATest"/>
  <testcase name="canValidateApplyButton" time="13.436" classname="com.virginmoney.TwoYrFixedRateCashEISATest"/>
  <testcase name="canValidatePdf" time="15.514" classname="com.virginmoney.TwoYrFixedRateCashEISATest"/>
  <testcase name="canValidateShortIntro" time="15.191" classname="com.virginmoney.TwoYrFixedRateCashEISATest"/>
</testsuite> <!-- com.virginmoney.TwoYrFixedRateCashEISATest -->
