<?xml version="1.0" encoding="UTF-8"?>
<!-- Generated by org.testng.reporters.JUnitReportReporter -->
<testsuite name="com.virginmoney.OneYrFixedRateCashEISATest" tests="9" time="106.699" ignored="0" failures="0" timestamp="22 Oct 2018 10:00:45 GMT" skipped="0" hostname="Latitude" errors="0">
  <testcase name="canGoTo1YrFRCEISAPage" time="8.588" classname="com.virginmoney.OneYrFixedRateCashEISATest"/>
  <testcase name="canValidateRateCard" time="7.260" classname="com.virginmoney.OneYrFixedRateCashEISATest"/>
  <testcase name="canValidateShortIntro" time="7.385" classname="com.virginmoney.OneYrFixedRateCashEISATest"/>
  <testcase name="canValidateApplyButton" time="8.399" classname="com.virginmoney.OneYrFixedRateCashEISATest"/>
  <testcase name="canValidateFscsPdf" time="10.657" classname="com.virginmoney.OneYrFixedRateCashEISATest"/>
  <testcase name="canValidateTCPdf" time="11.781" classname="com.virginmoney.OneYrFixedRateCashEISATest"/>
  <testcase name="canValidatePdf" time="11.826" classname="com.virginmoney.OneYrFixedRateCashEISATest"/>
  <testcase name="canValidateSummaryBoxPdf" time="10.789" classname="com.virginmoney.OneYrFixedRateCashEISATest"/>
  <testcase name="canValidateContent" time="30.014" classname="com.virginmoney.OneYrFixedRateCashEISATest"/>
</testsuite> <!-- com.virginmoney.OneYrFixedRateCashEISATest -->
